#
# There is insufficient memory for the Java Runtime Environment to continue.
# Native memory allocation (mmap) failed to map 266338304 bytes for G1 virtual space
# Possible reasons:
#   The system is out of physical RAM or swap space
#   The process is running with CompressedOops enabled, and the Java Heap may be blocking the growth of the native heap
# Possible solutions:
#   Reduce memory load on the system
#   Increase physical memory or swap space
#   Check if swap backing store is full
#   Decrease Java heap size (-Xmx/-Xms)
#   Decrease number of Java threads
#   Decrease Java thread stack sizes (-Xss)
#   Set larger code cache with -XX:ReservedCodeCacheSize=
#   JVM is running with Zero Based Compressed Oops mode in which the Java heap is
#     placed in the first 32GB address space. The Java Heap base address is the
#     maximum limit for the native heap growth. Please use -XX:HeapBaseMinAddress
#     to set the Java Heap base and to place the Java Heap above 32GB virtual address.
# This output file may be truncated or incomplete.
#
#  Out of Memory Error (os_windows.cpp:3747), pid=10892, tid=6060
#
# JRE version:  (17.0.3+7) (build )
# Java VM: OpenJDK 64-Bit Server VM (17.0.3+7-b469.32, mixed mode, sharing, tiered, compressed oops, compressed class ptrs, g1 gc, windows-amd64)
# No core dump will be written. Minidumps are not enabled by default on client versions of Windows
#

---------------  S U M M A R Y ------------

Command Line: git4idea.http.GitAskPassApp Username for 'https://github.com': 

Host: Intel(R) Core(TM) i7-9750H CPU @ 2.60GHz, 12 cores, 15G,  Windows 11 , 64 bit Build 22621 (10.0.22621.2428)
Time: Fri Oct 13 18:37:55 2023 Central European Daylight Time elapsed time: 0.013493 seconds (0d 0h 0m 0s)

---------------  T H R E A D  ---------------

Current thread (0x0000013fd6a31c50):  JavaThread "Unknown thread" [_thread_in_vm, id=6060, stack(0x0000000b8be00000,0x0000000b8bf00000)]

Stack: [0x0000000b8be00000,0x0000000b8bf00000]
Native frames: (J=compiled Java code, j=interpreted, Vv=VM code, C=native code)
V  [jvm.dll+0x681f8a]
V  [jvm.dll+0x83e374]
V  [jvm.dll+0x83fb1e]
V  [jvm.dll+0x840183]
V  [jvm.dll+0x2492a5]
V  [jvm.dll+0x67ee59]
V  [jvm.dll+0x67355a]
V  [jvm.dll+0x308fab]
V  [jvm.dll+0x310466]
V  [jvm.dll+0x3601de]
V  [jvm.dll+0x36040f]
V  [jvm.dll+0x2df098]
V  [jvm.dll+0x2e0004]
V  [jvm.dll+0x80fc61]
V  [jvm.dll+0x36df61]
V  [jvm.dll+0x7ef17c]
V  [jvm.dll+0x3f10ef]
V  [jvm.dll+0x3f2c31]
C  [jli.dll+0x526b]
C  [ucrtbase.dll+0x29363]
C  [KERNEL32.DLL+0x1257d]
C  [ntdll.dll+0x5aa78]


---------------  P R O C E S S  ---------------

Threads class SMR info:
_java_thread_list=0x00007ffd53b96f18, length=0, elements={
}

Java Threads: ( => current thread )

Other Threads:
  0x0000013fd6a9ca80 GCTaskThread "GC Thread#0" [stack: 0x0000000b8bf00000,0x0000000b8c000000] [id=19820]
  0x0000013fd6aadef0 ConcurrentGCThread "G1 Main Marker" [stack: 0x0000000b8c000000,0x0000000b8c100000] [id=5600]
  0x0000013fd6aae900 ConcurrentGCThread "G1 Conc#0" [stack: 0x0000000b8c100000,0x0000000b8c200000] [id=16308]

[error occurred during error reporting (printing all threads), id 0xc0000005, EXCEPTION_ACCESS_VIOLATION (0xc0000005) at pc=0x00007ffd5334fc57]

VM state: not at safepoint (not fully initialized)

VM Mutex/Monitor currently owned by a thread:  ([mutex/lock_event])
[0x0000013fd6a2d0c0] Heap_lock - owner thread: 0x0000013fd6a31c50

Heap address: 0x0000000702600000, size: 4058 MB, Compressed Oops mode: Zero based, Oop shift amount: 3

CDS archive(s) mapped at: [0x0000000000000000-0x0000000000000000-0x0000000000000000), size 0, SharedBaseAddress: 0x0000000800000000, ArchiveRelocationMode: 0.
Narrow klass base: 0x0000000000000000, Narrow klass shift: 0, Narrow klass range: 0x0

GC Precious Log:
<Empty>

Heap:
 garbage-first heap   total 0K, used 0K [0x0000000702600000, 0x0000000800000000)
  region size 2048K, 0 young (0K), 0 survivors (0K)

[error occurred during error reporting (printing heap information), id 0xc0000005, EXCEPTION_ACCESS_VIOLATION (0xc0000005) at pc=0x00007ffd5373bbd9]

GC Heap History (0 events):
No events

Deoptimization events (0 events):
No events

Classes unloaded (0 events):
No events

Classes redefined (0 events):
No events

Internal exceptions (0 events):
No events

VM Operations (0 events):
No events

Events (1 events):
Event: 0.007 Loaded shared library C:\Program Files\JetBrains\WebStorm 2022.2\jbr\bin\java.dll


Dynamic libraries:
0x00007ff625f40000 - 0x00007ff625f4a000 	C:\Program Files\JetBrains\WebStorm 2022.2\jbr\bin\java.exe
0x00007ffdeda50000 - 0x00007ffdedc67000 	C:\WINDOWS\SYSTEM32\ntdll.dll
0x00007ffdecfe0000 - 0x00007ffded0a4000 	C:\WINDOWS\System32\KERNEL32.DLL
0x00007ffdeb270000 - 0x00007ffdeb616000 	C:\WINDOWS\System32\KERNELBASE.dll
0x00007ffdeb690000 - 0x00007ffdeb7a1000 	C:\WINDOWS\System32\ucrtbase.dll
0x00007ffd62b00000 - 0x00007ffd62b17000 	C:\Program Files\JetBrains\WebStorm 2022.2\jbr\bin\jli.dll
0x00007ffdd8210000 - 0x00007ffdd822b000 	C:\Program Files\JetBrains\WebStorm 2022.2\jbr\bin\VCRUNTIME140.dll
0x00007ffdecc40000 - 0x00007ffdecded000 	C:\WINDOWS\System32\USER32.dll
0x00007ffdeadd0000 - 0x00007ffdeadf6000 	C:\WINDOWS\System32\win32u.dll
0x00007ffdc8b10000 - 0x00007ffdc8da3000 	C:\WINDOWS\WinSxS\amd64_microsoft.windows.common-controls_6595b64144ccf1df_6.0.22621.2361_none_2712ced57382f843\COMCTL32.dll
0x00007ffdeb7b0000 - 0x00007ffdeb7d9000 	C:\WINDOWS\System32\GDI32.dll
0x00007ffded340000 - 0x00007ffded3e7000 	C:\WINDOWS\System32\msvcrt.dll
0x00007ffdeb150000 - 0x00007ffdeb268000 	C:\WINDOWS\System32\gdi32full.dll
0x00007ffdeb0b0000 - 0x00007ffdeb14a000 	C:\WINDOWS\System32\msvcp_win.dll
0x00007ffdeb8e0000 - 0x00007ffdeb911000 	C:\WINDOWS\System32\IMM32.DLL
0x00007ffde6f40000 - 0x00007ffde6f4c000 	C:\Program Files\JetBrains\WebStorm 2022.2\jbr\bin\vcruntime140_1.dll
0x00007ffdd7450000 - 0x00007ffdd74dd000 	C:\Program Files\JetBrains\WebStorm 2022.2\jbr\bin\msvcp140.dll
0x00007ffd53060000 - 0x00007ffd53cc8000 	C:\Program Files\JetBrains\WebStorm 2022.2\jbr\bin\server\jvm.dll
0x00007ffdeb990000 - 0x00007ffdeba40000 	C:\WINDOWS\System32\ADVAPI32.dll
0x00007ffdebb90000 - 0x00007ffdebc36000 	C:\WINDOWS\System32\sechost.dll
0x00007ffdecec0000 - 0x00007ffdecfd7000 	C:\WINDOWS\System32\RPCRT4.dll
0x00007ffdecba0000 - 0x00007ffdecba8000 	C:\WINDOWS\System32\PSAPI.DLL
0x00007ffdd0940000 - 0x00007ffdd0949000 	C:\WINDOWS\SYSTEM32\WSOCK32.dll
0x00007ffdd8e70000 - 0x00007ffdd8ea4000 	C:\WINDOWS\SYSTEM32\WINMM.dll
0x00007ffde2d50000 - 0x00007ffde2d5a000 	C:\WINDOWS\SYSTEM32\VERSION.dll
0x00007ffded110000 - 0x00007ffded181000 	C:\WINDOWS\System32\WS2_32.dll
0x00007ffde9f00000 - 0x00007ffde9f18000 	C:\WINDOWS\SYSTEM32\kernel.appcore.dll
0x00007ffd62b30000 - 0x00007ffd62b3a000 	C:\Program Files\JetBrains\WebStorm 2022.2\jbr\bin\jimage.dll
0x00007ffdd5330000 - 0x00007ffdd555e000 	C:\WINDOWS\SYSTEM32\DBGHELP.DLL
0x00007ffded4d0000 - 0x00007ffded85a000 	C:\WINDOWS\System32\combase.dll
0x00007ffded3f0000 - 0x00007ffded4c7000 	C:\WINDOWS\System32\OLEAUT32.dll
0x00007ffdd0760000 - 0x00007ffdd0792000 	C:\WINDOWS\SYSTEM32\dbgcore.DLL
0x00007ffdeaec0000 - 0x00007ffdeaf3a000 	C:\WINDOWS\System32\bcryptPrimitives.dll
0x00007ffd5c100000 - 0x00007ffd5c125000 	C:\Program Files\JetBrains\WebStorm 2022.2\jbr\bin\java.dll

dbghelp: loaded successfully - version: 4.0.5 - missing functions: none
symbol engine: initialized successfully - sym options: 0x614 - pdb path: .;C:\Program Files\JetBrains\WebStorm 2022.2\jbr\bin;C:\WINDOWS\SYSTEM32;C:\WINDOWS\WinSxS\amd64_microsoft.windows.common-controls_6595b64144ccf1df_6.0.22621.2361_none_2712ced57382f843;C:\Program Files\JetBrains\WebStorm 2022.2\jbr\bin\server

VM Arguments:
java_command: git4idea.http.GitAskPassApp Username for 'https://github.com': 
java_class_path (initial): C:/Program Files/JetBrains/WebStorm 2022.2/plugins/git4idea/lib/git4idea-rt.jar;C:/Program Files/JetBrains/WebStorm 2022.2/lib/externalProcess-rt.jar;C:/Program Files/JetBrains/WebStorm 2022.2/lib/app.jar;C:/Program Files/JetBrains/WebStorm 2022.2/lib/3rd-party-rt.jar
Launcher Type: SUN_STANDARD

[Global flags]
     intx CICompilerCount                          = 4                                         {product} {ergonomic}
     uint ConcGCThreads                            = 3                                         {product} {ergonomic}
     uint G1ConcRefinementThreads                  = 10                                        {product} {ergonomic}
   size_t G1HeapRegionSize                         = 2097152                                   {product} {ergonomic}
    uintx GCDrainStackTargetSize                   = 64                                        {product} {ergonomic}
   size_t InitialHeapSize                          = 266338304                                 {product} {ergonomic}
   size_t MarkStackSize                            = 4194304                                   {product} {ergonomic}
   size_t MaxHeapSize                              = 4255121408                                {product} {ergonomic}
   size_t MinHeapDeltaBytes                        = 2097152                                   {product} {ergonomic}
   size_t MinHeapSize                              = 8388608                                   {product} {ergonomic}
    uintx NonNMethodCodeHeapSize                   = 5839372                                {pd product} {ergonomic}
    uintx NonProfiledCodeHeapSize                  = 122909434                              {pd product} {ergonomic}
    uintx ProfiledCodeHeapSize                     = 122909434                              {pd product} {ergonomic}
    uintx ReservedCodeCacheSize                    = 251658240                              {pd product} {ergonomic}
     bool SegmentedCodeCache                       = true                                      {product} {ergonomic}
   size_t SoftMaxHeapSize                          = 4255121408                             {manageable} {ergonomic}
     bool UseCompressedClassPointers               = true                           {product lp64_product} {ergonomic}
     bool UseCompressedOops                        = true                           {product lp64_product} {ergonomic}
     bool UseG1GC                                  = true                                      {product} {ergonomic}
     bool UseLargePagesIndividualAllocation        = false                                  {pd product} {ergonomic}

Logging:
Log output configuration:
 #0: stdout all=warning uptime,level,tags
 #1: stderr all=off uptime,level,tags

Environment Variables:
PATH=C:\Program Files\Git\mingw64\libexec\git-core;C:\Program Files\Git\mingw64\libexec\git-core;C:\Program Files\Git\mingw64\bin;C:\Program Files\Git\usr\bin;C:\Users\Daniel\bin;C:\ProgramData\Oracle\Java\javapath;C:\Program Files (x86)\Common Files\Intel\Shared Libraries\redist\intel64\compiler;C:\WINDOWS\system32;C:\WINDOWS;C:\WINDOWS\System32\Wbem;C:\WINDOWS\System32\WindowsPowerShell\v1.0;C:\WINDOWS\System32\OpenSSH;C:\Program Files\nodejs;C:\Program Files\Git\cmd;C:\Program Files\NVIDIA Corporation\NVIDIA NvDLISR;C:\Users\Daniel\AppData\Local\Programs\Python\Python311\Scripts;C:\Users\Daniel\AppData\Local\Programs\Python\Python311;C:\Users\Daniel\AppData\Local\Microsoft\WindowsApps;C:\Users\Daniel\AppData\Local\Programs\Microsoft VS Code\bin;C:\Users\Daniel\AppData\Roaming\npm;C:\Users\Daniel\AppData\Local\GitHubDesktop\bin;C:\Program Files\JetBrains\WebStorm 2022.2\bin
USERNAME=Daniel
DISPLAY=:0.0
LC_ALL=en_US.UTF-8
OS=Windows_NT
PROCESSOR_IDENTIFIER=Intel64 Family 6 Model 158 Stepping 13, GenuineIntel



---------------  S Y S T E M  ---------------

OS:
 Windows 11 , 64 bit Build 22621 (10.0.22621.2428)
OS uptime: 0 days 19:00 hours

CPU: total 12 (initial active 12) (6 cores per cpu, 2 threads per core) family 6 model 158 stepping 13 microcode 0xde, cx8, cmov, fxsr, ht, mmx, 3dnowpref, sse, sse2, sse3, ssse3, sse4.1, sse4.2, popcnt, lzcnt, tsc, tscinvbit, avx, avx2, aes, erms, clmul, bmi1, bmi2, adx, fma, vzeroupper, clflush, clflushopt

Memory: 4k page, system-wide physical 16225M (3207M free)
TotalPageFile size 18273M (AvailPageFile size 187M)
current process WorkingSet (physical memory assigned to process): 11M, peak: 11M
current process commit charge ("private bytes"): 64M, peak: 318M

vm_info: OpenJDK 64-Bit Server VM (17.0.3+7-b469.32) for windows-amd64 JRE (17.0.3+7-b469.32), built on 2022-07-19 by "builduser" with MS VC++ 16.10 / 16.11 (VS2019)

END.
