#
# There is insufficient memory for the Java Runtime Environment to continue.
# Native memory allocation (mmap) failed to map 266338304 bytes for G1 virtual space
# Possible reasons:
#   The system is out of physical RAM or swap space
#   The process is running with CompressedOops enabled, and the Java Heap may be blocking the growth of the native heap
# Possible solutions:
#   Reduce memory load on the system
#   Increase physical memory or swap space
#   Check if swap backing store is full
#   Decrease Java heap size (-Xmx/-Xms)
#   Decrease number of Java threads
#   Decrease Java thread stack sizes (-Xss)
#   Set larger code cache with -XX:ReservedCodeCacheSize=
#   JVM is running with Zero Based Compressed Oops mode in which the Java heap is
#     placed in the first 32GB address space. The Java Heap base address is the
#     maximum limit for the native heap growth. Please use -XX:HeapBaseMinAddress
#     to set the Java Heap base and to place the Java Heap above 32GB virtual address.
# This output file may be truncated or incomplete.
#
#  Out of Memory Error (os_windows.cpp:3747), pid=22436, tid=20256
#
# JRE version:  (17.0.3+7) (build )
# Java VM: OpenJDK 64-Bit Server VM (17.0.3+7-b469.32, mixed mode, sharing, tiered, compressed oops, compressed class ptrs, g1 gc, windows-amd64)
# No core dump will be written. Minidumps are not enabled by default on client versions of Windows
#

---------------  S U M M A R Y ------------

Command Line: git4idea.http.GitAskPassApp Username for 'https://github.com': 

Host: Intel(R) Core(TM) i7-9750H CPU @ 2.60GHz, 12 cores, 15G,  Windows 11 , 64 bit Build 22621 (10.0.22621.2215)
Time: Sat Oct  7 17:31:56 2023  Windows 11 , 64 bit Build 22621 (10.0.22621.2215) elapsed time: 0.013005 seconds (0d 0h 0m 0s)

---------------  T H R E A D  ---------------

Current thread (0x0000020f8d550030):  JavaThread "Unknown thread" [_thread_in_vm, id=20256, stack(0x000000e4a3d00000,0x000000e4a3e00000)]

Stack: [0x000000e4a3d00000,0x000000e4a3e00000]
Native frames: (J=compiled Java code, j=interpreted, Vv=VM code, C=native code)
V  [jvm.dll+0x681f8a]
V  [jvm.dll+0x83e374]
V  [jvm.dll+0x83fb1e]
V  [jvm.dll+0x840183]
V  [jvm.dll+0x2492a5]
V  [jvm.dll+0x67ee59]
V  [jvm.dll+0x67355a]
V  [jvm.dll+0x308fab]
V  [jvm.dll+0x310466]
V  [jvm.dll+0x3601de]
V  [jvm.dll+0x36040f]
V  [jvm.dll+0x2df098]
V  [jvm.dll+0x2e0004]
V  [jvm.dll+0x80fc61]
V  [jvm.dll+0x36df61]
V  [jvm.dll+0x7ef17c]
V  [jvm.dll+0x3f10ef]
V  [jvm.dll+0x3f2c31]
C  [jli.dll+0x526b]
C  [ucrtbase.dll+0x29363]
C  [KERNEL32.DLL+0x1257d]
C  [ntdll.dll+0x5aa68]


---------------  P R O C E S S  ---------------

Threads class SMR info:
_java_thread_list=0x00007ffa30066f18, length=0, elements={
}

Java Threads: ( => current thread )

Other Threads:
  0x0000020f8d5bb310 GCTaskThread "GC Thread#0" [stack: 0x000000e4a3e00000,0x000000e4a3f00000] [id=1464]
  0x0000020f8d5cbfe0 ConcurrentGCThread "G1 Main Marker" [stack: 0x000000e4a3f00000,0x000000e4a4000000] [id=15140]
  0x0000020f8d5cc9f0 ConcurrentGCThread "G1 Conc#0" [stack: 0x000000e4a4000000,0x000000e4a4100000] [id=21892]

[error occurred during error reporting (printing all threads), id 0xc0000005, EXCEPTION_ACCESS_VIOLATION (0xc0000005) at pc=0x00007ffa2f81fc57]

VM state: not at safepoint (not fully initialized)

VM Mutex/Monitor currently owned by a thread:  ([mutex/lock_event])
[0x0000020f8d54b020] Heap_lock - owner thread: 0x0000020f8d550030

Heap address: 0x0000000702600000, size: 4058 MB, Compressed Oops mode: Zero based, Oop shift amount: 3

CDS archive(s) mapped at: [0x0000000000000000-0x0000000000000000-0x0000000000000000), size 0, SharedBaseAddress: 0x0000000800000000, ArchiveRelocationMode: 0.
Narrow klass base: 0x0000000000000000, Narrow klass shift: 0, Narrow klass range: 0x0

GC Precious Log:
<Empty>

Heap:
 garbage-first heap   total 0K, used 0K [0x0000000702600000, 0x0000000800000000)
  region size 2048K, 0 young (0K), 0 survivors (0K)

[error occurred during error reporting (printing heap information), id 0xc0000005, EXCEPTION_ACCESS_VIOLATION (0xc0000005) at pc=0x00007ffa2fc0bbd9]

GC Heap History (0 events):
No events

Deoptimization events (0 events):
No events

Classes unloaded (0 events):
No events

Classes redefined (0 events):
No events

Internal exceptions (0 events):
No events

VM Operations (0 events):
No events

Events (1 events):
Event: 0.006 Loaded shared library C:\Program Files\JetBrains\WebStorm 2022.2\jbr\bin\java.dll


Dynamic libraries:
0x00007ff6ad080000 - 0x00007ff6ad08a000 	C:\Program Files\JetBrains\WebStorm 2022.2\jbr\bin\java.exe
0x00007ffac2070000 - 0x00007ffac2284000 	C:\WINDOWS\SYSTEM32\ntdll.dll
0x00007ffac11c0000 - 0x00007ffac1284000 	C:\WINDOWS\System32\KERNEL32.DLL
0x00007ffabf490000 - 0x00007ffabf834000 	C:\WINDOWS\System32\KERNELBASE.dll
0x00007ffabfaf0000 - 0x00007ffabfc01000 	C:\WINDOWS\System32\ucrtbase.dll
0x00007ffa9a470000 - 0x00007ffa9a487000 	C:\Program Files\JetBrains\WebStorm 2022.2\jbr\bin\jli.dll
0x00007ffac1e60000 - 0x00007ffac200e000 	C:\WINDOWS\System32\USER32.dll
0x00007ffa984d0000 - 0x00007ffa984eb000 	C:\Program Files\JetBrains\WebStorm 2022.2\jbr\bin\VCRUNTIME140.dll
0x00007ffabf900000 - 0x00007ffabf926000 	C:\WINDOWS\System32\win32u.dll
0x00007ffa9ebd0000 - 0x00007ffa9ee63000 	C:\WINDOWS\WinSxS\amd64_microsoft.windows.common-controls_6595b64144ccf1df_6.0.22621.2215_none_270d72677387dfc3\COMCTL32.dll
0x00007ffabfe00000 - 0x00007ffabfe29000 	C:\WINDOWS\System32\GDI32.dll
0x00007ffac0010000 - 0x00007ffac00b7000 	C:\WINDOWS\System32\msvcrt.dll
0x00007ffabf9d0000 - 0x00007ffabfae8000 	C:\WINDOWS\System32\gdi32full.dll
0x00007ffabf930000 - 0x00007ffabf9ca000 	C:\WINDOWS\System32\msvcp_win.dll
0x00007ffac1840000 - 0x00007ffac1871000 	C:\WINDOWS\System32\IMM32.DLL
0x00007ffabc6a0000 - 0x00007ffabc6ac000 	C:\Program Files\JetBrains\WebStorm 2022.2\jbr\bin\vcruntime140_1.dll
0x00007ffa75a10000 - 0x00007ffa75a9d000 	C:\Program Files\JetBrains\WebStorm 2022.2\jbr\bin\msvcp140.dll
0x00007ffa2f530000 - 0x00007ffa30198000 	C:\Program Files\JetBrains\WebStorm 2022.2\jbr\bin\server\jvm.dll
0x00007ffac1db0000 - 0x00007ffac1e60000 	C:\WINDOWS\System32\ADVAPI32.dll
0x00007ffac1710000 - 0x00007ffac17b6000 	C:\WINDOWS\System32\sechost.dll
0x00007ffac00c0000 - 0x00007ffac01d7000 	C:\WINDOWS\System32\RPCRT4.dll
0x00007ffac1d20000 - 0x00007ffac1d28000 	C:\WINDOWS\System32\PSAPI.DLL
0x00007ffa9a4b0000 - 0x00007ffa9a4b9000 	C:\WINDOWS\SYSTEM32\WSOCK32.dll
0x00007ffac1d30000 - 0x00007ffac1da1000 	C:\WINDOWS\System32\WS2_32.dll
0x00007ffaac130000 - 0x00007ffaac164000 	C:\WINDOWS\SYSTEM32\WINMM.dll
0x00007ffab73f0000 - 0x00007ffab73fa000 	C:\WINDOWS\SYSTEM32\VERSION.dll
0x00007ffabe560000 - 0x00007ffabe578000 	C:\WINDOWS\SYSTEM32\kernel.appcore.dll
0x00007ffa9a4a0000 - 0x00007ffa9a4aa000 	C:\Program Files\JetBrains\WebStorm 2022.2\jbr\bin\jimage.dll
0x00007ffaa97b0000 - 0x00007ffaa99de000 	C:\WINDOWS\SYSTEM32\DBGHELP.DLL
0x00007ffac03b0000 - 0x00007ffac073a000 	C:\WINDOWS\System32\combase.dll
0x00007ffac10e0000 - 0x00007ffac11b7000 	C:\WINDOWS\System32\OLEAUT32.dll
0x00007ffaa6ad0000 - 0x00007ffaa6b02000 	C:\WINDOWS\SYSTEM32\dbgcore.DLL
0x00007ffabfc10000 - 0x00007ffabfc8a000 	C:\WINDOWS\System32\bcryptPrimitives.dll
0x00007ffa9a440000 - 0x00007ffa9a465000 	C:\Program Files\JetBrains\WebStorm 2022.2\jbr\bin\java.dll

dbghelp: loaded successfully - version: 4.0.5 - missing functions: none
symbol engine: initialized successfully - sym options: 0x614 - pdb path: .;C:\Program Files\JetBrains\WebStorm 2022.2\jbr\bin;C:\WINDOWS\SYSTEM32;C:\WINDOWS\WinSxS\amd64_microsoft.windows.common-controls_6595b64144ccf1df_6.0.22621.2215_none_270d72677387dfc3;C:\Program Files\JetBrains\WebStorm 2022.2\jbr\bin\server

VM Arguments:
java_command: git4idea.http.GitAskPassApp Username for 'https://github.com': 
java_class_path (initial): C:/Program Files/JetBrains/WebStorm 2022.2/plugins/git4idea/lib/git4idea-rt.jar;C:/Program Files/JetBrains/WebStorm 2022.2/lib/externalProcess-rt.jar;C:/Program Files/JetBrains/WebStorm 2022.2/lib/app.jar;C:/Program Files/JetBrains/WebStorm 2022.2/lib/3rd-party-rt.jar
Launcher Type: SUN_STANDARD

[Global flags]
     intx CICompilerCount                          = 4                                         {product} {ergonomic}
     uint ConcGCThreads                            = 3                                         {product} {ergonomic}
     uint G1ConcRefinementThreads                  = 10                                        {product} {ergonomic}
   size_t G1HeapRegionSize                         = 2097152                                   {product} {ergonomic}
    uintx GCDrainStackTargetSize                   = 64                                        {product} {ergonomic}
   size_t InitialHeapSize                          = 266338304                                 {product} {ergonomic}
   size_t MarkStackSize                            = 4194304                                   {product} {ergonomic}
   size_t MaxHeapSize                              = 4255121408                                {product} {ergonomic}
   size_t MinHeapDeltaBytes                        = 2097152                                   {product} {ergonomic}
   size_t MinHeapSize                              = 8388608                                   {product} {ergonomic}
    uintx NonNMethodCodeHeapSize                   = 5839372                                {pd product} {ergonomic}
    uintx NonProfiledCodeHeapSize                  = 122909434                              {pd product} {ergonomic}
    uintx ProfiledCodeHeapSize                     = 122909434                              {pd product} {ergonomic}
    uintx ReservedCodeCacheSize                    = 251658240                              {pd product} {ergonomic}
     bool SegmentedCodeCache                       = true                                      {product} {ergonomic}
   size_t SoftMaxHeapSize                          = 4255121408                             {manageable} {ergonomic}
     bool UseCompressedClassPointers               = true                           {product lp64_product} {ergonomic}
     bool UseCompressedOops                        = true                           {product lp64_product} {ergonomic}
     bool UseG1GC                                  = true                                      {product} {ergonomic}
     bool UseLargePagesIndividualAllocation        = false                                  {pd product} {ergonomic}

Logging:
Log output configuration:
 #0: stdout all=warning uptime,level,tags
 #1: stderr all=off uptime,level,tags

Environment Variables:
PATH=C:\Program Files\Git\mingw64\libexec\git-core;C:\Program Files\Git\mingw64\libexec\git-core;C:\Program Files\Git\mingw64\bin;C:\Program Files\Git\usr\bin;C:\Users\Daniel\bin;C:\ProgramData\Oracle\Java\javapath;C:\Program Files (x86)\Common Files\Intel\Shared Libraries\redist\intel64\compiler;C:\WINDOWS\system32;C:\WINDOWS;C:\WINDOWS\System32\Wbem;C:\WINDOWS\System32\WindowsPowerShell\v1.0;C:\WINDOWS\System32\OpenSSH;C:\Program Files\nodejs;C:\Program Files\Git\cmd;C:\Program Files\NVIDIA Corporation\NVIDIA NvDLISR;C:\Users\Daniel\AppData\Local\Programs\Python\Python311\Scripts;C:\Users\Daniel\AppData\Local\Programs\Python\Python311;C:\Users\Daniel\AppData\Local\Microsoft\WindowsApps;C:\Users\Daniel\AppData\Local\Programs\Microsoft VS Code\bin;C:\Users\Daniel\AppData\Roaming\npm;C:\Users\Daniel\AppData\Local\GitHubDesktop\bin;C:\Program Files\JetBrains\WebStorm 2022.2\bin
USERNAME=Daniel
DISPLAY=:0.0
LC_ALL=en_US.UTF-8
OS=Windows_NT
PROCESSOR_IDENTIFIER=Intel64 Family 6 Model 158 Stepping 13, GenuineIntel



---------------  S Y S T E M  ---------------

OS:
 Windows 11 , 64 bit Build 22621 (10.0.22621.2215)
OS uptime: 0 days 21:36 hours

CPU: total 12 (initial active 12) (6 cores per cpu, 2 threads per core) family 6 model 158 stepping 13 microcode 0xde, cx8, cmov, fxsr, ht, mmx, 3dnowpref, sse, sse2, sse3, ssse3, sse4.1, sse4.2, popcnt, lzcnt, tsc, tscinvbit, avx, avx2, aes, erms, clmul, bmi1, bmi2, adx, fma, vzeroupper, clflush, clflushopt

Memory: 4k page, system-wide physical 16225M (3749M free)
TotalPageFile size 18273M (AvailPageFile size 232M)
current process WorkingSet (physical memory assigned to process): 11M, peak: 11M
current process commit charge ("private bytes"): 64M, peak: 318M

vm_info: OpenJDK 64-Bit Server VM (17.0.3+7-b469.32) for windows-amd64 JRE (17.0.3+7-b469.32), built on 2022-07-19 by "builduser" with MS VC++ 16.10 / 16.11 (VS2019)

END.
